0 info it worked if it ends with ok
1 verbose cli [ '/usr/bin/node', '/usr/bin/npm', 'start' ]
2 info using npm@1.2.32
3 info using node@v0.10.12
4 verbose node symlink /usr/bin/node
5 verbose read json /home/lacon/proxectos/node.js/conservas-currican/apps/public-app/media/img/logos/package.json
6 error Error: ENOENT, open '/home/lacon/proxectos/node.js/conservas-currican/apps/public-app/media/img/logos/package.json'
7 error If you need help, you may report this log at:
7 error     <http://github.com/isaacs/npm/issues>
7 error or email it to:
7 error     <npm-@googlegroups.com>
8 error System Linux 3.2.0-40-generic-pae
9 error command "/usr/bin/node" "/usr/bin/npm" "start"
10 error cwd /home/lacon/proxectos/node.js/conservas-currican/apps/public-app/media/img/logos
11 error node -v v0.10.12
12 error npm -v 1.2.32
13 error path /home/lacon/proxectos/node.js/conservas-currican/apps/public-app/media/img/logos/package.json
14 error code ENOENT
15 error errno 34
16 verbose exit [ 34, true ]
